1612121000919	geckodriver	INFO	Listening on 127.0.0.1:55149
1612121001978	mozrunner::runner	INFO	Running command: "/usr/bin/firefox" "--marionette" "-foreground" "-no-remote" "-profile" "/tmp/rust_mozprofileK4ZONG"
1612121062166	geckodriver	INFO	Listening on 127.0.0.1:36051
1612121062194	mozrunner::runner	INFO	Running command: "/usr/bin/firefox" "--marionette" "-foreground" "-no-remote" "-profile" "/tmp/rust_mozprofileB1Urj8"
1612121122479	geckodriver	INFO	Listening on 127.0.0.1:39709
1612121123650	mozrunner::runner	INFO	Running command: "/usr/bin/firefox" "--marionette" "-foreground" "-no-remote" "-profile" "/tmp/rust_mozprofileXVeMVx"

###!!! [Child][MessageChannel] Error: (msgtype=0xFFF7,name=<unknown IPC msg name>) Channel error: cannot send/recv

Exiting due to channel error.
1612121198988	geckodriver	INFO	Listening on 127.0.0.1:59811
1612121199998	mozrunner::runner	INFO	Running command: "/usr/bin/firefox" "--marionette" "-foreground" "-no-remote" "-profile" "/tmp/rust_mozprofiled2fLxS"
Exiting due to channel error.
1612121260194	geckodriver	INFO	Listening on 127.0.0.1:53245

###!!! [Child][MessageChannel] Error: (msgtype=0xFFF7,name=<unknown IPC msg name>) Channel error: cannot send/recv

1612121261238	mozrunner::runner	INFO	Running command: "/usr/bin/firefox" "--marionette" "-foreground" "-no-remote" "-profile" "/tmp/rust_mozprofileRqYDv4"
Exiting due to channel error.
1612121321567	geckodriver	INFO	Listening on 127.0.0.1:45807
1612121321608	mozrunner::runner	INFO	Running command: "/usr/bin/firefox" "--marionette" "-foreground" "-no-remote" "-profile" "/tmp/rust_mozprofilez8jUX8"
Exiting due to channel error.
Exiting due to channel error.
1612122504507	geckodriver	INFO	Listening on 127.0.0.1:46311
1612122505513	mozrunner::runner	INFO	Running command: "/usr/bin/firefox" "--marionette" "-foreground" "-no-remote" "-profile" "/tmp/rust_mozprofileTGkrsS"
console.warn: SearchSettings: "get: No settings file exists, new profile?" (new Error("", "(unknown module)"))
1612122510403	Marionette	INFO	Listening on port 41761
1612122510492	Marionette	WARN	TLS certificate errors will be ignored for this session
1612122631616	geckodriver	INFO	Listening on 127.0.0.1:34549
1612122631624	mozrunner::runner	INFO	Running command: "/usr/bin/firefox" "--marionette" "-foreground" "-no-remote" "-profile" "/tmp/rust_mozprofileAjwatU"
console.warn: SearchSettings: "get: No settings file exists, new profile?" (new Error("", "(unknown module)"))
1612122636595	Marionette	INFO	Listening on port 39491
1612122636717	Marionette	WARN	TLS certificate errors will be ignored for this session
1612122729423	geckodriver	INFO	Listening on 127.0.0.1:57599
1612122729429	mozrunner::runner	INFO	Running command: "/usr/bin/firefox" "--marionette" "-foreground" "-no-remote" "-profile" "/tmp/rust_mozprofileqPy0AW"
console.warn: SearchSettings: "get: No settings file exists, new profile?" (new Error("", "(unknown module)"))
1612122734100	Marionette	INFO	Listening on port 43779
1612122734206	Marionette	WARN	TLS certificate errors will be ignored for this session
JavaScript error: , line 0: uncaught exception: Object
JavaScript error: , line 0: TypeError: NetworkError when attempting to fetch resource.
1612122956256	geckodriver	INFO	Listening on 127.0.0.1:55997
1612122956263	mozrunner::runner	INFO	Running command: "/usr/bin/firefox" "--marionette" "-foreground" "-no-remote" "-profile" "/tmp/rust_mozprofileElCRbZ"
console.warn: SearchSettings: "get: No settings file exists, new profile?" (new Error("", "(unknown module)"))
1612122961785	Marionette	INFO	Listening on port 41201
1612122962085	Marionette	WARN	TLS certificate errors will be ignored for this session

###!!! [Parent][RunMessage] Error: Channel error: cannot send/recv


###!!! [Parent][RunMessage] Error: Channel error: cannot send/recv


###!!! [Parent][RunMessage] Error: Channel error: cannot send/recv


###!!! [Parent][RunMessage] Error: Channel error: cannot send/recv

JavaScript error: resource:///modules/sessionstore/SessionStore.jsm, line 2312: TypeError: subject.QueryInterface is not a function
A content process crashed and MOZ_CRASHREPORTER_SHUTDOWN is set, shutting down
1612123744290	Marionette	INFO	Stopped listening on port 41201
1612123820680	Marionette	INFO	Stopped listening on port 43779
1612123821848	Marionette	INFO	Stopped listening on port 39491
1612123822972	Marionette	INFO	Stopped listening on port 41761
1612123841777	geckodriver	INFO	Listening on 127.0.0.1:45993
1612123842778	mozrunner::runner	INFO	Running command: "/usr/bin/firefox" "--marionette" "-foreground" "-no-remote" "-profile" "/tmp/rust_mozprofileSgNah1"
console.warn: SearchSettings: "get: No settings file exists, new profile?" (new Error("", "(unknown module)"))
1612123848046	Marionette	INFO	Listening on port 40919
1612123848173	Marionette	WARN	TLS certificate errors will be ignored for this session
1612123939157	Marionette	INFO	Stopped listening on port 40919

###!!! [Parent][RunMessage] Error: Channel closing: too late to send/recv, messages will be lost

1612123943387	geckodriver	INFO	Listening on 127.0.0.1:54821
1612123943394	mozrunner::runner	INFO	Running command: "/usr/bin/firefox" "--marionette" "-foreground" "-no-remote" "-profile" "/tmp/rust_mozprofileIlDtM5"
console.warn: SearchSettings: "get: No settings file exists, new profile?" (new Error("", "(unknown module)"))
1612123948285	Marionette	INFO	Listening on port 38549
1612123948366	Marionette	WARN	TLS certificate errors will be ignored for this session
1612124043309	Marionette	INFO	Stopped listening on port 38549
1612124048304	geckodriver	INFO	Listening on 127.0.0.1:60531
1612124048310	mozrunner::runner	INFO	Running command: "/usr/bin/firefox" "--marionette" "-foreground" "-no-remote" "-profile" "/tmp/rust_mozprofilecEs0rW"
console.warn: SearchSettings: "get: No settings file exists, new profile?" (new Error("", "(unknown module)"))
1612124053105	Marionette	INFO	Listening on port 40377
1612124053243	Marionette	WARN	TLS certificate errors will be ignored for this session
JavaScript error: https://s0.2mdn.net/4516568/1588607918312/index.html, line 323: TypeError: studio.Enabler is undefined

###!!! [Child][MessageChannel] Error: (msgtype=0x6C0027,name=PNecko::Msg_RemoveRequestContext) Channel closing: too late to send/recv, messages will be lost

1612124248257	Marionette	INFO	Stopped listening on port 40377
1612124252905	geckodriver	INFO	Listening on 127.0.0.1:54031
1612124252911	mozrunner::runner	INFO	Running command: "/usr/bin/firefox" "--marionette" "-foreground" "-no-remote" "-profile" "/tmp/rust_mozprofileiL4Tda"
console.warn: SearchSettings: "get: No settings file exists, new profile?" (new Error("", "(unknown module)"))
1612124257858	Marionette	INFO	Listening on port 35031
1612124257991	Marionette	WARN	TLS certificate errors will be ignored for this session
1612124381450	geckodriver	INFO	Listening on 127.0.0.1:55461
1612124381457	mozrunner::runner	INFO	Running command: "/usr/bin/firefox" "--marionette" "-foreground" "-no-remote" "-profile" "/tmp/rust_mozprofileWbjmqy"
console.warn: SearchSettings: "get: No settings file exists, new profile?" (new Error("", "(unknown module)"))
1612124386514	Marionette	INFO	Listening on port 33773
1612124388040	Marionette	WARN	TLS certificate errors will be ignored for this session
IPDL protocol error: Handler returned error code!

###!!! [Parent][DispatchAsyncMessage] Error: PLayerTransaction::Msg_ReleaseLayer Processing error: message was deserialized, but the handler returned false (indicating failure)

IPDL protocol error: Handler returned error code!

###!!! [Parent][DispatchAsyncMessage] Error: PLayerTransaction::Msg_ReleaseLayer Processing error: message was deserialized, but the handler returned false (indicating failure)

1612124515582	Marionette	INFO	Stopped listening on port 33773
IPDL protocol error: Handler returned error code!

###!!! [Parent][DispatchAsyncMessage] Error: PLayerTransaction::Msg_ReleaseLayer Processing error: message was deserialized, but the handler returned false (indicating failure)

IPDL protocol error: Handler returned error code!

###!!! [Parent][DispatchAsyncMessage] Error: PLayerTransaction::Msg_ReleaseLayer Processing error: message was deserialized, but the handler returned false (indicating failure)

1612124517203	Marionette	INFO	Stopped listening on port 35031
1612124521243	geckodriver	INFO	Listening on 127.0.0.1:53745
1612124521251	mozrunner::runner	INFO	Running command: "/usr/bin/firefox" "--marionette" "-foreground" "-no-remote" "-profile" "/tmp/rust_mozprofileRo7OrS"
console.warn: SearchSettings: "get: No settings file exists, new profile?" (new Error("", "(unknown module)"))
1612124526180	Marionette	INFO	Listening on port 42005
1612124526310	Marionette	WARN	TLS certificate errors will be ignored for this session
JavaScript error: , line 0: uncaught exception: Object
JavaScript error: , line 0: uncaught exception: Object
JavaScript error: , line 0: TypeError: NetworkError when attempting to fetch resource.
JavaScript error: https://www.bestbuy.com/~assets/bby/_com/shop/location-tooltip/dist/client/client-b6df3571cd0245080019ce408327b37d.mjs, line 9: Error: Fetch failed in fetchStoreName with storeId: 757 and error: TypeError: NetworkError when attempting to fetch resource.
JavaScript error: https://www.bestbuy.com/~assets/bby/_com/shop/package-deals-jumper/dist/client/client-697719901194a17ef3cab9267c43206d.js, line 1: Error: Fetch failed in fetchConsolidatedButtonStateForSkuIds with skuIds: 6430163,6430165,6430164,6430166 and error: TypeError: NetworkError when attempting to fetch resource.
JavaScript error: , line 0: TypeError: NetworkError when attempting to fetch resource.
JavaScript error: , line 0: TypeError: NetworkError when attempting to fetch resource.
JavaScript error: , line 0: TypeError: NetworkError when attempting to fetch resource.
JavaScript error: , line 0: TypeError: NetworkError when attempting to fetch resource.
JavaScript error: , line 0: TypeError: NetworkError when attempting to fetch resource.
JavaScript error: , line 0: TypeError: NetworkError when attempting to fetch resource.
JavaScript error: https://www.google.com/adsense/search/async-ads.js, line 40: uncaught exception: google.ads.search.Ads: Missing option 'query'.
Handler function _httpStopRequest threw an exception: [Exception... "Component returned failure code: 0x80004005 (NS_ERROR_FAILURE) [nsITraceableChannel.setNewListener]"  nsresult: "0x80004005 (NS_ERROR_FAILURE)"  location: "JS frame :: resource://devtools/server/actors/network-monitor/network-observer.js :: _setupResponseListener :: line 1086"  data: no]
Stack: _setupResponseListener@resource://devtools/server/actors/network-monitor/network-observer.js:1086:38
_createNetworkEvent@resource://devtools/server/actors/network-monitor/network-observer.js:912:12
_httpStopRequest@resource://devtools/server/actors/network-monitor/network-observer.js:409:14
exports.makeInfallible/<@resource://devtools/shared/ThreadSafeDevToolsUtils.js:103:22
Line: 1086, column: 0
console.error: ({})
Handler function _httpStopRequest threw an exception: [Exception... "Component returned failure code: 0x80004005 (NS_ERROR_FAILURE) [nsITraceableChannel.setNewListener]"  nsresult: "0x80004005 (NS_ERROR_FAILURE)"  location: "JS frame :: resource://devtools/server/actors/network-monitor/network-observer.js :: _setupResponseListener :: line 1086"  data: no]
Stack: _setupResponseListener@resource://devtools/server/actors/network-monitor/network-observer.js:1086:38
_createNetworkEvent@resource://devtools/server/actors/network-monitor/network-observer.js:912:12
_httpStopRequest@resource://devtools/server/actors/network-monitor/network-observer.js:409:14
exports.makeInfallible/<@resource://devtools/shared/ThreadSafeDevToolsUtils.js:103:22
Line: 1086, column: 0
console.error: ({})
Handler function _httpStopRequest threw an exception: [Exception... "Component returned failure code: 0x80004005 (NS_ERROR_FAILURE) [nsITraceableChannel.setNewListener]"  nsresult: "0x80004005 (NS_ERROR_FAILURE)"  location: "JS frame :: resource://devtools/server/actors/network-monitor/network-observer.js :: _setupResponseListener :: line 1086"  data: no]
Stack: _setupResponseListener@resource://devtools/server/actors/network-monitor/network-observer.js:1086:38
_createNetworkEvent@resource://devtools/server/actors/network-monitor/network-observer.js:912:12
_httpStopRequest@resource://devtools/server/actors/network-monitor/network-observer.js:409:14
exports.makeInfallible/<@resource://devtools/shared/ThreadSafeDevToolsUtils.js:103:22
Line: 1086, column: 0
console.error: ({})
Handler function _httpStopRequest threw an exception: [Exception... "Component returned failure code: 0x80004005 (NS_ERROR_FAILURE) [nsITraceableChannel.setNewListener]"  nsresult: "0x80004005 (NS_ERROR_FAILURE)"  location: "JS frame :: resource://devtools/server/actors/network-monitor/network-observer.js :: _setupResponseListener :: line 1086"  data: no]
Stack: _setupResponseListener@resource://devtools/server/actors/network-monitor/network-observer.js:1086:38
_createNetworkEvent@resource://devtools/server/actors/network-monitor/network-observer.js:912:12
_httpStopRequest@resource://devtools/server/actors/network-monitor/network-observer.js:409:14
exports.makeInfallible/<@resource://devtools/shared/ThreadSafeDevToolsUtils.js:103:22
Line: 1086, column: 0
console.error: ({})
1612124751205	geckodriver	INFO	Listening on 127.0.0.1:44867
1612124751211	mozrunner::runner	INFO	Running command: "/usr/bin/firefox" "--marionette" "-foreground" "-no-remote" "-profile" "/tmp/rust_mozprofiletHO9kd"
console.warn: SearchSettings: "get: No settings file exists, new profile?" (new Error("", "(unknown module)"))
1612124756458	Marionette	INFO	Listening on port 37635
1612124756620	Marionette	WARN	TLS certificate errors will be ignored for this session
IPDL protocol error: Handler returned error code!

###!!! [Parent][DispatchAsyncMessage] Error: PLayerTransaction::Msg_ReleaseLayer Processing error: message was deserialized, but the handler returned false (indicating failure)

IPDL protocol error: Handler returned error code!

###!!! [Parent][DispatchAsyncMessage] Error: PLayerTransaction::Msg_ReleaseLayer Processing error: message was deserialized, but the handler returned false (indicating failure)

IPDL protocol error: Handler returned error code!

###!!! [Parent][DispatchAsyncMessage] Error: PLayerTransaction::Msg_ReleaseLayer Processing error: message was deserialized, but the handler returned false (indicating failure)

IPDL protocol error: Handler returned error code!

###!!! [Parent][DispatchAsyncMessage] Error: PLayerTransaction::Msg_ReleaseLayer Processing error: message was deserialized, but the handler returned false (indicating failure)

IPDL protocol error: Handler returned error code!

###!!! [Parent][DispatchAsyncMessage] Error: PLayerTransaction::Msg_ReleaseLayer Processing error: message was deserialized, but the handler returned false (indicating failure)

IPDL protocol error: Handler returned error code!

###!!! [Parent][DispatchAsyncMessage] Error: PLayerTransaction::Msg_ReleaseLayer Processing error: message was deserialized, but the handler returned false (indicating failure)

IPDL protocol error: Handler returned error code!

###!!! [Parent][DispatchAsyncMessage] Error: PLayerTransaction::Msg_ReleaseLayer Processing error: message was deserialized, but the handler returned false (indicating failure)

IPDL protocol error: Handler returned error code!

###!!! [Parent][DispatchAsyncMessage] Error: PLayerTransaction::Msg_ReleaseLayer Processing error: message was deserialized, but the handler returned false (indicating failure)

IPDL protocol error: Handler returned error code!

###!!! [Parent][DispatchAsyncMessage] Error: PLayerTransaction::Msg_ReleaseLayer Processing error: message was deserialized, but the handler returned false (indicating failure)

IPDL protocol error: Handler returned error code!

###!!! [Parent][DispatchAsyncMessage] Error: PLayerTransaction::Msg_ReleaseLayer Processing error: message was deserialized, but the handler returned false (indicating failure)

IPDL protocol error: Handler returned error code!

###!!! [Parent][DispatchAsyncMessage] Error: PLayerTransaction::Msg_ReleaseLayer Processing error: message was deserialized, but the handler returned false (indicating failure)

IPDL protocol error: Handler returned error code!

###!!! [Parent][DispatchAsyncMessage] Error: PLayerTransaction::Msg_ReleaseLayer Processing error: message was deserialized, but the handler returned false (indicating failure)

IPDL protocol error: Handler returned error code!

###!!! [Parent][DispatchAsyncMessage] Error: PLayerTransaction::Msg_ReleaseLayer Processing error: message was deserialized, but the handler returned false (indicating failure)

IPDL protocol error: Handler returned error code!

###!!! [Parent][DispatchAsyncMessage] Error: PLayerTransaction::Msg_ReleaseLayer Processing error: message was deserialized, but the handler returned false (indicating failure)

IPDL protocol error: Handler returned error code!

###!!! [Parent][DispatchAsyncMessage] Error: PLayerTransaction::Msg_ReleaseLayer Processing error: message was deserialized, but the handler returned false (indicating failure)

IPDL protocol error: Handler returned error code!

###!!! [Parent][DispatchAsyncMessage] Error: PLayerTransaction::Msg_ReleaseLayer Processing error: message was deserialized, but the handler returned false (indicating failure)

IPDL protocol error: Handler returned error code!

###!!! [Parent][DispatchAsyncMessage] Error: PLayerTransaction::Msg_ReleaseLayer Processing error: message was deserialized, but the handler returned false (indicating failure)

IPDL protocol error: Handler returned error code!

###!!! [Parent][DispatchAsyncMessage] Error: PLayerTransaction::Msg_ReleaseLayer Processing error: message was deserialized, but the handler returned false (indicating failure)

IPDL protocol error: Handler returned error code!

###!!! [Parent][DispatchAsyncMessage] Error: PLayerTransaction::Msg_ReleaseLayer Processing error: message was deserialized, but the handler returned false (indicating failure)

IPDL protocol error: Handler returned error code!

###!!! [Parent][DispatchAsyncMessage] Error: PLayerTransaction::Msg_ReleaseLayer Processing error: message was deserialized, but the handler returned false (indicating failure)

IPDL protocol error: Handler returned error code!

###!!! [Parent][DispatchAsyncMessage] Error: PLayerTransaction::Msg_ReleaseLayer Processing error: message was deserialized, but the handler returned false (indicating failure)

IPDL protocol error: Handler returned error code!

###!!! [Parent][DispatchAsyncMessage] Error: PLayerTransaction::Msg_ReleaseLayer Processing error: message was deserialized, but the handler returned false (indicating failure)

IPDL protocol error: Handler returned error code!

###!!! [Parent][DispatchAsyncMessage] Error: PLayerTransaction::Msg_ReleaseLayer Processing error: message was deserialized, but the handler returned false (indicating failure)

1612124759678	Marionette	INFO	Stopped listening on port 42005
1612124971895	geckodriver	INFO	Listening on 127.0.0.1:46645
1612124971902	mozrunner::runner	INFO	Running command: "/usr/bin/firefox" "--marionette" "-foreground" "-no-remote" "-profile" "/tmp/rust_mozprofilezwuN2x"
console.warn: SearchSettings: "get: No settings file exists, new profile?" (new Error("", "(unknown module)"))
1612124976881	Marionette	INFO	Listening on port 36459
1612124976981	Marionette	WARN	TLS certificate errors will be ignored for this session
1612124978666	Marionette	INFO	Stopped listening on port 37635
1612127348888	geckodriver	INFO	Listening on 127.0.0.1:44147
1612127349896	mozrunner::runner	INFO	Running command: "/usr/bin/firefox" "--marionette" "-foreground" "-no-remote" "-profile" "/tmp/rust_mozprofilesc1xFA"
console.warn: SearchSettings: "get: No settings file exists, new profile?" (new Error("", "(unknown module)"))
JavaScript error: , line 0: QuotaExceededError: The current transaction exceeded its quota limitations.
1612127354614	Marionette	INFO	Listening on port 42853
1612127354705	Marionette	WARN	TLS certificate errors will be ignored for this session
JavaScript error: https://www.google.com/adsense/search/async-ads.js, line 40: uncaught exception: google.ads.search.Ads: Missing option 'query'.
console.error: "Could nJavaScript error: https://www.bestbuy.com/~assets/bby/_com/analytics-dotcom/analyticsInit-475447fa2ac7eaa07adac349b5fdfbf6.js, line 4: NS_ERROR_FILE_NO_DEVICE_SPACE: 
IPDL protocol error: Handler returned error code!

###!!! [Parent][DispatchAsyncMessage] Error: PLayerTransaction::Msg_ReleaseLayer Processing error: message was deserialized, but the handler returned false (indicating failure)

IPDL protocol error: Handler returned error code!

###!!! [Parent][DispatchAsyncMessage] Error: PLayerTransaction::Msg_ReleaseLayer Processing error: message was deserialized, but the handler returned false (indicating failure)

console.error: "Could not write session state file " (new Error("", "(unknown module)")) ""
JavaScript error: , line 0: uncaught exception: Object
JavaScript error: , line 0: uncaught exception: Object
JavaScript error: , line 0: QuotaExceededError: The current transaction exceeded its quota limitations.
JavaScript error: , line 0: uncaught exception: Object
JavaScript error: , line 0: uncaught exception: Object
JavaScript error: resource://gre/modules/AsyncShutdown.jsm, line 573: uncaught exception: Object
JavaScript error: resource://gre/modules/AsyncShutdown.jsm, line 573: uncaught exception: Object
JavaScript error: resource://gre/modules/AsyncShutdown.jsm, line 573: uncaught exception: Object
1612127463227	Marionette	INFO	Stopped listening on port 42853

###!!! [Parent][RunMessage] Error: Channel closing: too late to send/recv, messages will be lost

1612127929008	geckodriver	INFO	Listening on 127.0.0.1:40411
1612127929015	mozrunner::runner	INFO	Running command: "/usr/bin/firefox" "--marionette" "-foreground" "-no-remote" "-profile" "/tmp/rust_mozprofile2IG6fC"
JavaScript error: , line 0: QuotaExceededError: The current transaction exceeded its quota limitations.
JavaScript error: , line 0: uncaught exception: Object
JavaScript error: , line 0: uncaught exception: Object
console.warn: SearchSettings: "get: No settings file exists, new profile?" (new Error("", "(unknown module)"))
JavaScript error: , line 0: QuotaExceededError: The current transaction exceeded its quota limitations.
JavaScript error: , line 0: uncaught exception: Object
console.error: (new Error("Error(s) encountered during statement execution: database or disk is full", "resource://gre/modules/Sqlite.jsm", 894))
JavaScript error: resource://gre/modules/Sqlite.jsm, line 894: Error: Error(s) encountered during statement execution: database or disk is full
JavaScript error: resource://gre/modules/Sqlite.jsm, line 894: Error: Error(s) encountered during statement execution: database or disk is full
JavaScript error: , line 0: uncaught exception: Object
JavaScript error: resource://gre/modules/PlacesUtils.jsm, line 1974: NS_ERROR_UNEXPECTED: Component returned failure code: 0x8000ffff (NS_ERROR_UNEXPECTED) [nsINavBookmarksService.tagsFolder]
JavaScript error: resource://gre/modules/PlacesUtils.jsm, line 1974: NS_ERROR_UNEXPECTED: Component returned failure code: 0x8000ffff (NS_ERROR_UNEXPECTED) [nsINavBookmarksService.placesRoot]
console.error: PushService: 
  stateChangeProcessEnqueue: Error transitioning state
  QuotaExceededError
[ERROR fog_control] Failed to init FOG due to Error { kind: IoError(Os { code: 28, kind: Other, message: "No space left on device" }) }
JavaScript error: , line 0: QuotaExceededError: The current transaction exceeded its quota limitations.
console.error: Region.jsm: "Error fetching region" (new TypeError("NetworkError when attempting to fetch resource.", ""))
console.error: Region.jsm: "Failed to fetch region" (new Error("NO_RESULT", "resource://gre/modules/Region.jsm", 376))
1612127933488	Marionette	INFO	Listening on port 46349
1612127933574	Marionette	WARN	TLS certificate errors will be ignored for this session
JavaScript error: resource://gre/modules/Sqlite.jsm, line 894: Error: Error(s) encountered during statement execution: database or disk is full
console.error: SearchSettings: "_write: Could not write to settings file:" (new Error("", "(unknown module)"))
JavaScript error: resource://gre/modules/NewTabUtiJavaScript error: , line 0: uncaught exception: Object
JavaScript error: resource://gre/modules/AsyncShutdown.jsm, line 573: uncaught exception: Object
IPDL protocol error: Handler returned error code!

###!!! [Parent][DispatchAsyncMessage] Error: PLayerTransaction::Msg_ReleaseLayer Processing error: message was deserialized, but the handler returned false (indicating failure)

IPDL protocol error: Handler returned error code!

###!!! [Parent][DispatchAsyncMessage] Error: PLayerTransaction::Msg_ReleaseLayer Processing error: message was deserialized, but the handler returned false (indicating failure)

IPDL protocol error: Handler returned error code!

###!!! [Parent][DispatchAsyncMessage] Error: PLayerTransaction::Msg_ReleaseLayer Processing error: message was deserialized, but the handler returned false (indicating failure)

IPDL protocol error: Handler returned error code!

###!!! [Parent][DispatchAsyncMessage] Error: PLayerTransaction::Msg_ReleaseLayer Processing error: message was deserialized, but the handler returned false (indicating failure)

IPDL protocol error: Handler returned error code!

###!!! [Parent][DispatchAsyncMessage] Error: PLayerTransaction::Msg_ReleaseLayer Processing error: message was deserialized, but the handler returned false (indicating failure)

IPDL protocol error: Handler returned error code!

###!!! [Parent][DispatchAsyncMessage] Error: PLayerTransaction::Msg_ReleaseLayer Processing error: message was deserialized, but the handler returned false (indicating failure)

IPDL protocol error: Handler returned error code!

###!!! [Parent][DispatchAsyncMessage] Error: PLayerTransaction::Msg_ReleaseLayer Processing error: message was deserialized, but the handler returned false (indicating failure)

IPDL protocol error: Handler returned error code!

###!!! [Parent][DispatchAsyncMessage] Error: PLayerTransaction::Msg_ReleaseLayer Processing error: message was deserialized, but the handler returned false (indicating failure)

IPDL protocol error: Handler returned error code!

###!!! [Parent][DispatchAsyncMessage] Error: PLayerTransaction::Msg_ReleaseLayer Processing error: message was deserialized, but the handler returned false (indicating failure)

IPDL protocol error: Handler returned error code!

###!!! [Parent][DispatchAsyncMessage] Error: PLayerTransaction::Msg_ReleaseLayer Processing error: message was deserialized, but the handler returned false (indicating failure)

IPDL protocol error: Handler returned error code!

###!!! [Parent][DispatchAsyncMessage] Error: PLayerTransaction::Msg_ReleaseLayer Processing error: message was deserialized, but the handler returned false (indicating failure)

IPDL protocol error: Handler returned error code!

###!!! [Parent][DispatchAsyncMessage] Error: PLayerTransaction::Msg_ReleaseLayer Processing error: message was deserialized, but the handler returned false (indicating failure)

IPDL protocol error: Handler returned error code!

###!!! [Parent][DispatchAsyncMessage] Error: PLayerTransaction::Msg_ReleaseLayer Processing error: message was deserialized, but the handler returned false (indicating failure)

JavaScript error: resource://gre/modules/AsyncShutdown.jsm, line 573: uncaught exception: Object
JavaScript error: resource://gre/modules/AsyncShutdown.jsm, line 573: uncaught exception: Object
1612127946449	Marionette	INFO	Stopped listening on port 36459
1612127953618	geckodriver	INFO	Listening on 127.0.0.1:49229
1612127953624	mozrunner::runner	INFO	Running command: "/usr/bin/firefox" "--marionette" "-foreground" "-no-remote" "-profile" "/tmp/rust_mozprofilesKfhff"
console.warn: SearchSettings: "get: No settings file exists, new profile?" (new Error("", "(unknown module)"))
JavaScript error: , line 0: QuotaExceededError: The current transaction exceeded its quota limitations.
JavaScript error: resource://gre/modules/PlacesUtils.jsm, line 1974: NS_ERROR_UNEXPECTED: Component returned failure code: 0x8000ffff (NS_ERROR_UNEXPECTED) [nsINavBookmarksService.tagsFolder]
JavaScript error: resource://gre/modules/PlacesUtils.jsm, line 1974: NS_ERROR_UNEXPECTED: Component returned failure code: 0x8000ffff (NS_ERROR_UNEXPECTED) [nsINavBookmarksService.placesRoot]
JavaScript error: resource://gre/modules/PlacesUtils.jsm, line 1974: NS_ERROR_UNEXPECTED: Component returned failure code: 0x8000ffff (NS_ERROR_UNEXPECTED) [nsINavBookmarksService.tagsFolder]
JavaScript error: resource://gre/modules/PlacesUtils.jsm, line 1974: NS_ERROR_UNEXPECTED: Component returned failure code: 0x8000ffff (NS_ERROR_UNEXPECTED) [nsINavBookmarksService.tagsFolder]
JavaScript error: resource://gre/modules/PlacesUtils.jsm, line 1974: NS_ERROR_UNEXPECTED: Component returned failure code: 0x8000ffff (NS_ERROR_UNEXPECTED) [nsINavBookmarksService.tagsFolder]
1612127958508	Marionette	INFO	Listening on port 42499
1612127958604	Marionette	WARN	TLS certificate errors will be ignored for this session
console.log: "RemoteSettingsWorker error: QuotaExceededError: IndexedDB:  execute() The current transaction exceeded its quota limitations."
console.error: SearchSettings: "_write: Could not write to settings file:" (new Error("", "(unknown module)"))
console.error: "Could not write session state file " (new Error("", "(unknown module)")) ""
JavaScript error: , line 0: QuotaExceededError: The current transaction exceeded its quota limitations.
JavaScript error: resource://gre/modules/Sqlite.jsm, line 894: Error: Error(s) encountered during statement execution: database or disk is full
JavaScript error: https://www.bestbuy.com/~assets/bby/_com/shop/header/dist/client/client-6040b166d0f69756a5b4d62f14255057.mjs, line 1: NS_ERROR_FILE_NO_DEVICE_SPACE
JavaScript error: resource://gre/modules/NewTabUtils.jsm, line 1442: TypeError: conn is undefined
JavaScript error: https://assets.bbystatic.com/pricing/price-change-notification/dist/client/client-837b77e05531aa7b7e863d9874bbeaec.mjs, line 1: NS_ERROR_FILE_NO_DEVICE_SPACE
JavaScript error: https://www.bestbuy.com/~assets/bby/_com/shop/interruptions-manager/dist/client/client-6ca391413ddf4ac92550b3fdfaf8e470.mjs, line 1: NS_ERROR_FILE_NO_DEVICE_SPACE: 
JavaScript error: resource://gre/modules/NewTabUtils.jsm, line 1442: TypeError: conn is undefined
JavaScript error: https://www.bestbuy.com/~assets/bby/_com/@ds/unified-chat/dist/javascript/unified-chat-init-f92615d5.js, line 7: NS_ERROR_FILE_NO_DEVICE_SPACE
JavaScript error: resource://gre/modules/NewTabUtils.jsm, line 1442: TypeError: conn is undefined
console.error: "Could not write session state file " (new Error("", "(unknown module)")) ""
JavaScript error: resource://gre/modules/NewTabUtils.jsm, line 1442: TypeError: conn is undefined
JavaScript error: resource://gre/modules/NewTabUtils.jsm, line 1442: TypeError: conn is undefined
console.error: "Error when attaching target:" (void 0)
console.error: "Error when attaching target:" (void 0)
console.error: "Could not write session state file " (new Error("", "(unknown module)")) ""
console.error: "Error when attaching target:" (void 0)
console.error: (new TypeError("walker is undefined", "resource://devtools/client/inspector/inspector.js", 478))
console.error: "Error when attaching target:" (void 0)
console.error: (new TypeError("this._cssProperties is undefined", "resource://devtools/client/inspector/inspector.js", 363))
console.error: "Could not write session state file " (new Error("", "(unknown module)")) ""
console.error: "Error when attaching target:" (void 0)
console.error: (void 0)
JavaScript error: , line 0: uncaught exception: undefined
JavaScript error: , line 0: uncaught exception: undefined
console.error: (void 0)
JavaScript error: , line 0: uncaught exception: undefined
JavaScript error: , line 0: uncaught exception: undefined
JavaScript error: , line 0: uncaught exception: Object
JavaScript error: , line 0: uncaught exception: Object
console.error: "Error when attaching target:" (void 0)
console.error: "Error when attaching target:" (void 0)
console.error: "Error when attaching target:" (void 0)
console.error: (new TypeError("walker is undefined", "resource://devtools/client/inspector/inspector.js", 478))
console.error: "Error when attaching target:" (void 0)1612128116464	Marionette	INFO	Stopped listening on port 42499

###!!! [Parent][RunMessage] Error: Channel closing: too late to send/recv, messages will be lost

1612130593635	geckodriver	INFO	Listening on 127.0.0.1:37827
1612130594643	mozrunner::runner	INFO	Running command: "/usr/bin/firefox" "--marionette" "-foreground" "-no-remote" "-profile" "/tmp/rust_mozprofilekHLm1W"
console.warn: SearchSettings: "get: No settings file exists, new profile?" (new Error("", "(unknown module)"))
1612130601733	Marionette	INFO	Listening on port 41611
1612130601871	Marionette	WARN	TLS certificate errors will be ignored for this session
1612132983369	geckodriver	INFO	Listening on 127.0.0.1:58203
1612132983375	mozrunner::runner	INFO	Running command: "/usr/bin/firefox" "--marionette" "-foreground" "-no-remote" "-profile" "/tmp/rust_mozprofilezc04CL"
console.warn: SearchSettings: "get: No settings file exists, new profile?" (new Error("", "(unknown module)"))
1612132988781	Marionette	INFO	Listening on port 37561
1612132988890	Marionette	WARN	TLS certificate errors will be ignored for this session

###!!! [Child][MessageChannel] Error: (msgtype=0x6C0027,name=PNecko::Msg_RemoveRequestContext) Channel closing: too late to send/recv, messages will be lost

1612133040320	Marionette	INFO	Stopped listening on port 37561
IPDL protocol error: Handler returned error code!

###!!! [Parent][DispatchAsyncMessage] Error: PLayerTransaction::Msg_ReleaseLayer Processing error: message was deserialized, but the handler returned false (indicating failure)

IPDL protocol error: Handler returned error code!

###!!! [Parent][DispatchAsyncMessage] Error: PLayerTransaction::Msg_ReleaseLayer Processing error: message was deserialized, but the handler returned false (indicating failure)

IPDL protocol error: Handler returned error code!

###!!! [Parent][DispatchAsyncMessage] Error: PLayerTransaction::Msg_ReleaseLayer Processing error: message was deserialized, but the handler returned false (indicating failure)

IPDL protocol error: Handler returned error code!

###!!! [Parent][DispatchAsyncMessage] Error: PLayerTransaction::Msg_ReleaseLayer Processing error: message was deserialized, but the handler returned false (indicating failure)

IPDL protocol error: Handler returned error code!

###!!! [Parent][DispatchAsyncMessage] Error: PLayerTransaction::Msg_ReleaseLayer Processing error: message was deserialized, but the handler returned false (indicating failure)

IPDL protocol error: Handler returned error code!

###!!! [Parent][DispatchAsyncMessage] Error: PLayerTransaction::Msg_ReleaseLayer Processing error: message was deserialized, but the handler returned false (indicating failure)

IPDL protocol error: Handler returned error code!

###!!! [Parent][DispatchAsyncMessage] Error: PLayerTransaction::Msg_ReleaseLayer Processing error: message was deserialized, but the handler returned false (indicating failure)

IPDL protocol error: Handler returned error code!

###!!! [Parent][DispatchAsyncMessage] Error: PLayerTransaction::Msg_ReleaseLayer Processing error: message was deserialized, but the handler returned false (indicating failure)

IPDL protocol error: Handler returned error code!

###!!! [Parent][DispatchAsyncMessage] Error: PLayerTransaction::Msg_ReleaseLayer Processing error: message was deserialized, but the handler returned false (indicating failure)

IPDL protocol error: Handler returned error code!

###!!! [Parent][DispatchAsyncMessage] Error: PLayerTransaction::Msg_ReleaseLayer Processing error: message was deserialized, but the handler returned false (indicating failure)

IPDL protocol error: Handler returned error code!

###!!! [Parent][DispatchAsyncMessage] Error: PLayerTransaction::Msg_ReleaseLayer Processing error: message was deserialized, but the handler returned false (indicating failure)

IPDL protocol error: Handler returned error code!

###!!! [Parent][DispatchAsyncMessage] Error: PLayerTransaction::Msg_ReleaseLayer Processing error: message was deserialized, but the handler returned false (indicating failure)

IPDL protocol error: Handler returned error code!

###!!! [Parent][DispatchAsyncMessage] Error: PLayerTransaction::Msg_ReleaseLayer Processing error: message was deserialized, but the handler returned false (indicating failure)

IPDL protocol error: Handler returned error code!

###!!! [Parent][DispatchAsyncMessage] Error: PLayerTransaction::Msg_ReleaseLayer Processing error: message was deserialized, but the handler returned false (indicating failure)

IPDL protocol error: Handler returned error code!

###!!! [Parent][DispatchAsyncMessage] Error: PLayerTransaction::Msg_ReleaseLayer Processing error: message was deserialized, but the handler returned false (indicating failure)

IPDL protocol error: Handler returned error code!

###!!! [Parent][DispatchAsyncMessage] Error: PLayerTransaction::Msg_ReleaseLayer Processing error: message was deserialized, but the handler returned false (indicating failure)

IPDL protocol error: Handler returned error code!

###!!! [Parent][DispatchAsyncMessage] Error: PLayerTransaction::Msg_ReleaseLayer Processing error: message was deserialized, but the handler returned false (indicating failure)

IPDL protocol error: Handler returned error code!

###!!! [Parent][DispatchAsyncMessage] Error: PLayerTransaction::Msg_ReleaseLayer Processing error: message was deserialized, but the handler returned false (indicating failure)

IPDL protocol error: Handler returned error code!

###!!! [Parent][DispatchAsyncMessage] Error: PLayerTransaction::Msg_ReleaseLayer Processing error: message was deserialized, but the handler returned false (indicating failure)

IPDL protocol error: Handler returned error code!

###!!! [Parent][DispatchAsyncMessage] Error: PLayerTransaction::Msg_ReleaseLayer Processing error: message was deserialized, but the handler returned false (indicating failure)

IPDL protocol error: Handler returned error code!

###!!! [Parent][DispatchAsyncMessage] Error: PLayerTransaction::Msg_ReleaseLayer Processing error: message was deserialized, but the handler returned false (indicating failure)

IPDL protocol error: Handler returned error code!

###!!! [Parent][DispatchAsyncMessage] Error: PLayerTransaction::Msg_ReleaseLayer Processing error: message was deserialized, but the handler returned false (indicating failure)

IPDL protocol error: Handler returned error code!

###!!! [Parent][DispatchAsyncMessage] Error: PLayerTransaction::Msg_ReleaseLayer Processing error: message was deserialized, but the handler returned false (indicating failure)

IPDL protocol error: Handler returned error code!

###!!! [Parent][DispatchAsyncMessage] Error: PLayerTransaction::Msg_ReleaseLayer Processing error: message was deserialized, but the handler returned false (indicating failure)

IPDL protocol error: Handler returned error code!

###!!! [Parent][DispatchAsyncMessage] Error: PLayerTransaction::Msg_ReleaseLayer Processing error: message was deserialized, but the handler returned false (indicating failure)

IPDL protocol error: Handler returned error code!

###!!! [Parent][DispatchAsyncMessage] Error: PLayerTransaction::Msg_ReleaseLayer Processing error: message was deserialized, but the handler returned false (indicating failure)

1612133041446	Marionette	INFO	Stopped listening on port 41611

###!!! [Parent][RunMessage] Error: Channel closing: too late to send/recv, messages will be lost

1612133044663	geckodriver	INFO	Listening on 127.0.0.1:34411
1612133044669	mozrunner::runner	INFO	Running command: "/usr/bin/firefox" "--marionette" "-foreground" "-no-remote" "-profile" "/tmp/rust_mozprofileTrubjj"
console.warn: SearchSettings: "get: No settings file exists, new profile?" (new Error("", "(unknown module)"))
1612133049508	Marionette	INFO	Listening on port 34269
1612133049602	Marionette	WARN	TLS certificate errors will be ignored for this session
1612133097836	Marionette	INFO	Stopped listening on port 34269
1612133102390	geckodriver	INFO	Listening on 127.0.0.1:52699
1612133102399	mozrunner::runner	INFO	Running command: "/usr/bin/firefox" "--marionette" "-foreground" "-no-remote" "-profile" "/tmp/rust_mozprofilevbbk6w"
console.warn: SearchSettings: "get: No settings file exists, new profile?" (new Error("", "(unknown module)"))
1612133107320	Marionette	INFO	Listening on port 46221
1612133107448	Marionette	WARN	TLS certificate errors will be ignored for this session

###!!! [Child][RunMessage] Error: Channel closing: too late to send/recv, messages will be lost

1612133155651	Marionette	INFO	Stopped listening on port 46221

###!!! [Parent][RunMessage] Error: Channel closing: too late to send/recv, messages will be lost

1612133159581	geckodriver	INFO	Listening on 127.0.0.1:35233
1612133159587	mozrunner::runner	INFO	Running command: "/usr/bin/firefox" "--marionette" "-foreground" "-no-remote" "-profile" "/tmp/rust_mozprofilerJcYZg"
console.warn: SearchSettings: "get: No settings file exists, new profile?" (new Error("", "(unknown module)"))
1612133164332	Marionette	INFO	Listening on port 39913
1612133164445	Marionette	WARN	TLS certificate errors will be ignored for this session
IPDL protocol error: Handler returned error code!

###!!! [Parent][DispatchAsyncMessage] Error: PLayerTransaction::Msg_ReleaseLayer Processing error: message was deserialized, but the handler returned false (indicating failure)

IPDL protocol error: Handler returned error code!

###!!! [Parent][DispatchAsyncMessage] Error: PLayerTransaction::Msg_ReleaseLayer Processing error: message was deserialized, but the handler returned false (indicating failure)

1612133223515	Marionette	INFO	Stopped listening on port 39913
1612133234451	geckodriver	INFO	Listening on 127.0.0.1:49199
1612133234459	mozrunner::runner	INFO	Running command: "/usr/bin/firefox" "--marionette" "-foreground" "-no-remote" "-profile" "/tmp/rust_mozprofileNlengz"
console.warn: SearchSettings: "get: No settings file exists, new profile?" (new Error("", "(unknown module)"))
1612133239012	Marionette	INFO	Listening on port 36901
1612133239326	Marionette	WARN	TLS certificate errors will be ignored for this session
1612133302053	Marionette	INFO	Stopped listening on port 36901
1612133355926	geckodriver	INFO	Listening on 127.0.0.1:58521
1612133355933	mozrunner::runner	INFO	Running command: "/usr/bin/firefox" "--marionette" "-foreground" "-no-remote" "-profile" "/tmp/rust_mozprofile7ST9aq"
console.warn: SearchSettings: "get: No settings file exists, new profile?" (new Error("", "(unknown module)"))
1612133361079	Marionette	INFO	Listening on port 32827
1612133361186	Marionette	WARN	TLS certificate errors will be ignored for this session
1612133509863	geckodriver	INFO	Listening on 127.0.0.1:58109
1612133509869	mozrunner::runner	INFO	Running command: "/usr/bin/firefox" "--marionette" "-foreground" "-no-remote" "-profile" "/tmp/rust_mozprofiletSddnd"
console.warn: SearchSettings: "get: No settings file exists, new profile?" (new Error("", "(unknown module)"))
1612133514663	Marionette	INFO	Listening on port 34801
1612133514869	Marionette	WARN	TLS certificate errors will be ignored for this session

###!!! [Child][RunMessage] Error: Channel closing: too late to send/recv, messages will be lost

1612133567398	Marionette	INFO	Stopped listening on port 34801
1612133568271	Marionette	INFO	Stopped listening on port 32827
1612133572263	geckodriver	INFO	Listening on 127.0.0.1:51617
1612133572270	mozrunner::runner	INFO	Running command: "/usr/bin/firefox" "--marionette" "-foreground" "-no-remote" "-profile" "/tmp/rust_mozprofileicb5Oj"
console.warn: SearchSettings: "get: No settings file exists, new profile?" (new Error("", "(unknown module)"))
1612133577304	Marionette	INFO	Listening on port 42829
1612133578826	Marionette	WARN	TLS certificate errors will be ignored for this session
1612133808689	Marionette	INFO	Stopped listening on port 42829
1612133814418	geckodriver	INFO	Listening on 127.0.0.1:47051
1612133814426	mozrunner::runner	INFO	Running command: "/usr/bin/firefox" "--marionette" "-foreground" "-no-remote" "-profile" "/tmp/rust_mozprofile6vOxaP"
console.warn: SearchSettings: "get: No settings file exists, new profile?" (new Error("", "(unknown module)"))
1612133819573	Marionette	INFO	Listening on port 44501
1612133819715	Marionette	WARN	TLS certificate errors will be ignored for this session
1612133884037	geckodriver	INFO	Listening on 127.0.0.1:55687
1612133884044	mozrunner::runner	INFO	Running command: "/usr/bin/firefox" "--marionette" "-foreground" "-no-remote" "-profile" "/tmp/rust_mozprofilexr9V1K"
console.warn: SearchSettings: "get: No settings file exists, new profile?" (new Error("", "(unknown module)"))
1612133889209	Marionette	INFO	Listening on port 38187
1612133889438	Marionette	WARN	TLS certificate errors will be ignored for this session
1612133890206	Marionette	INFO	Stopped listening on port 44501
JavaScript error: https://www.bestbuy.com/~assets/bby/_com/gvp-287c65223d1c49e3d4181939b6c98ef4.min.js, line 712: Error: Initializer failed to initialize component for pricing-price-65366313. Usually this is caused by an exception in your component's client init function.
JavaScript error: https://www.bestbuy.com/~assets/bby/_com/gvp-287c65223d1c49e3d4181939b6c98ef4.min.js, line 712: Error: Initializer failed to initialize component for fulfillment-add-to-cart-button-6772375. Usually this is caused by an exception in your component's client init function.
JavaScript error: https://www.bestbuy.com/~assets/bby/_com/gvp-287c65223d1c49e3d4181939b6c98ef4.min.js, line 712: Error: Initializer failed to initialize component for pricing-price-95781261. Usually this is caused by an exception in your component's client init function.
JavaScript error: https://www.bestbuy.com/~assets/bby/_com/gvp-287c65223d1c49e3d4181939b6c98ef4.min.js, line 712: Error: Initializer failed to initialize component for pricing-price-62658110. Usually this is caused by an exception in your component's client init function.
JavaScript error: https://www.bestbuy.com/~assets/bby/_com/gvp-287c65223d1c49e3d4181939b6c98ef4.min.js, line 712: Error: Initializer failed to initialize component for pricing-price-7750326. Usually this is caused by an exception in your component's client init function.
JavaScript error: https://www.bestbuy.com/~assets/bby/_com/gvp-287c65223d1c49e3d4181939b6c98ef4.min.js, line 357: Invariant Violation: Minified React error #200; visit https://reactjs.org/docs/error-decoder.html?invariant=200 for the full message or use the non-minified dev environment for full errors and additional helpful warnings. 
JavaScript error: https://www.bestbuy.com/~assets/bby/_com/gvp-287c65223d1c49e3d4181939b6c98ef4.min.js, line 357: Invariant Violation: Minified React error #200; visit https://reactjs.org/docs/error-decoder.html?invariant=200 for the full message or use the non-minified dev environment for full errors and additional helpful warnings. 
JavaScript error: https://www.bestbuy.com/~assets/bby/_com/gvp-287c65223d1c49e3d4181939b6c98ef4.min.js, line 357: Invariant Violation: Minified React error #200; visit https://reactjs.org/docs/error-decoder.html?invariant=200 for the full message or use the non-minified dev environment for full errors and additional helpful warnings. 
1612134311946	geckodriver	INFO	Listening on 127.0.0.1:35821
1612134311952	mozrunner::runner	INFO	Running command: "/usr/bin/firefox" "--marionette" "-foreground" "-no-remote" "-profile" "/tmp/rust_mozprofilevTCLXS"
console.warn: SearchSettings: "get: No settings file exists, new profile?" (new Error("", "(unknown module)"))
1612134317296	Marionette	INFO	Listening on port 36537
1612134317409	Marionette	WARN	TLS certificate errors will be ignored for this session
JavaScript error: https://www.bestbuy.com/~assets/bby/_com/gvp-287c65223d1c49e3d4181939b6c98ef4.min.js, line 712: Error: Initializer failed to initialize component for fulfillment-add-to-cart-button-57925671. Usually this is caused by an exception in your component's client init function.
JavaScript error: https://www.bestbuy.com/~assets/bby/_com/gvp-287c65223d1c49e3d4181939b6c98ef4.min.js, line 712: Error: Initializer failed to initialize component for pricing-price-68937669. Usually this is caused by an exception in your component's client init function.
JavaScript error: https://www.bestbuy.com/~assets/bby/_com/gvp-287c65223d1c49e3d4181939b6c98ef4.min.js, line 712: Error: Initializer failed to initialize component for pricing-price-86226184. Usually this is caused by an exception in your component's client init function.
JavaScript error: https://www.bestbuy.com/~assets/bby/_com/gvp-287c65223d1c49e3d4181939b6c98ef4.min.js, line 357: Invariant Violation: Minified React error #200; visit https://reactjs.org/docs/error-decoder.html?invariant=200 for the full message or use the non-minified dev environment for full errors and additional helpful warnings. 
JavaScript error: https://www.bestbuy.com/~assets/bby/_com/gvp-287c65223d1c49e3d4181939b6c98ef4.min.js, line 357: Invariant Violation: Minified React error #200; visit https://reactjs.org/docs/error-decoder.html?invariant=200 for the full message or use the non-minified dev environment for full errors and additional helpful warnings. 
1612134730177	Marionette	INFO	Stopped listening on port 36537
1612134730831	Marionette	INFO	Stopped listening on port 38187
1612134735306	geckodriver	INFO	Listening on 127.0.0.1:47229
1612134735312	mozrunner::runner	INFO	Running command: "/usr/bin/firefox" "--marionette" "-foreground" "-no-remote" "-profile" "/tmp/rust_mozprofile4PWihe"
console.warn: SearchSettings: "get: No settings file exists, new profile?" (new Error("", "(unknown module)"))
1612134740252	Marionette	INFO	Listening on port 42011
1612134740394	Marionette	WARN	TLS certificate errors will be ignored for this session
JavaScript error: https://www.bestbuy.com/~assets/bby/_com/gvp-287c65223d1c49e3d4181939b6c98ef4.min.js, line 712: Error: Initializer failed to initialize component for pricing-price-13220123. Usually this is caused by an exception in your component's client init function.
JavaScript error: https://www.bestbuy.com/~assets/bby/_com/gvp-287c65223d1c49e3d4181939b6c98ef4.min.js, line 712: Error: Initializer failed to initialize component for fulfillment-add-to-cart-button-42250383. Usually this is caused by an exception in your component's client init function.
JavaScript error: https://www.bestbuy.com/~assets/bby/_com/gvp-287c65223d1c49e3d4181939b6c98ef4.min.js, line 712: Error: Initializer failed to initialize component for pricing-price-17755930. Usually this is caused by an exception in your component's client init function.
JavaScript error: https://www.bestbuy.com/~assets/bby/_com/gvp-287c65223d1c49e3d4181939b6c98ef4.min.js, line 712: Error: Initializer failed to initialize component for pricing-price-17436744. Usually this is caused by an exception in your component's client init function.
JavaScript error: https://www.bestbuy.com/~assets/bby/_com/gvp-287c65223d1c49e3d4181939b6c98ef4.min.js, line 712: Error: Initializer failed to initialize component for pricing-price-64058142. Usually this is caused by an exception in your component's client init function.
JavaScript error: https://www.bestbuy.com/~assets/bby/_com/gvp-287c65223d1c49e3d4181939b6c98ef4.min.js, line 357: Invariant Violation: Minified React error #200; visit https://reactjs.org/docs/error-decoder.html?invariant=200 for the full message or use the non-minified dev environment for full errors and additional helpful warnings. 
JavaScript error: https://www.bestbuy.com/~assets/bby/_com/gvp-287c65223d1c49e3d4181939b6c98ef4.min.js, line 357: Invariant Violation: Minified React error #200; visit https://reactjs.org/docs/error-decoder.html?invariant=200 for the full message or use the non-minified dev environment for full errors and additional helpful warnings. 
JavaScript error: https://www.bestbuy.com/~assets/bby/_com/gvp-287c65223d1c49e3d4181939b6c98ef4.min.js, line 357: Invariant Violation: Minified React error #200; visit https://reactjs.org/docs/error-decoder.html?invariant=200 for the full message or use the non-minified dev environment for full errors and additional helpful warnings. 
JavaScript error: https://www.bestbuy.com/~assets/bby/_com/gvp-287c65223d1c49e3d4181939b6c98ef4.min.js, line 357: Invariant Violation: Minified React error #200; visit https://reactjs.org/docs/error-decoder.html?invariant=200 for the full message or use the non-minified dev environment for full errors and additional helpful warnings. 
1612135080988	Marionette	INFO	Stopped listening on port 42011
1612135085203	geckodriver	INFO	Listening on 127.0.0.1:46687
1612135085209	mozrunner::runner	INFO	Running command: "/usr/bin/firefox" "--marionette" "-foreground" "-no-remote" "-profile" "/tmp/rust_mozprofilebWH2Dm"
console.warn: SearchSettings: "get: No settings file exists, new profile?" (new Error("", "(unknown module)"))
1612135089882	Marionette	INFO	Listening on port 42807
1612135089992	Marionette	WARN	TLS certificate errors will be ignored for this session
1612135097355	Marionette	WARN	TimedPromise timed out after 500 ms: stacktrace:
TimedPromise/<@chrome://marionette/content/sync.js:235:19
TimedPromise@chrome://marionette/content/sync.js:220:10
interaction.flushEventLoop@chrome://marionette/content/interaction.js:418:10
webdriverClickElement@chrome://marionette/content/interaction.js:179:31
1612135183218	Marionette	INFO	Stopped listening on port 42807
1612135196020	geckodriver	INFO	Listening on 127.0.0.1:36229
1612135196027	mozrunner::runner	INFO	Running command: "/usr/bin/firefox" "--marionette" "-foreground" "-no-remote" "-profile" "/tmp/rust_mozprofileQje6ah"
console.warn: SearchSettings: "get: No settings file exists, new profile?" (new Error("", "(unknown module)"))
1612135201040	Marionette	INFO	Listening on port 45833
1612135201171	Marionette	WARN	TLS certificate errors will be ignored for this session
1612135209731	Marionette	WARN	TimedPromise timed out after 500 ms: stacktrace:
TimedPromise/<@chrome://marionette/content/sync.js:235:19
TimedPromise@chrome://marionette/content/sync.js:220:10
interaction.flushEventLoop@chrome://marionette/content/interaction.js:418:10
webdriverClickElement@chrome://marionette/content/interaction.js:179:31
JavaScript error: https://www.google.com/adsense/search/async-ads.js, line 40: uncaught exception: google.ads.search.Ads: Missing option 'query'.
1612135295886	Marionette	INFO	Stopped listening on port 45833
1612135330626	geckodriver	INFO	Listening on 127.0.0.1:52859
1612135330632	mozrunner::runner	INFO	Running command: "/usr/bin/firefox" "--marionette" "-foreground" "-no-remote" "-profile" "/tmp/rust_mozprofileGh4yMD"
console.warn: SearchSettings: "get: No settings file exists, new profile?" (new Error("", "(unknown module)"))
1612135335097	Marionette	INFO	Listening on port 33015
1612135335168	Marionette	WARN	TLS certificate errors will be ignored for this session
1612135345690	Marionette	WARN	TimedPromise timed out after 500 ms: stacktrace:
TimedPromise/<@chrome://marionette/content/sync.js:235:19
TimedPromise@chrome://marionette/content/sync.js:220:10
interaction.flushEventLoop@chrome://marionette/content/interaction.js:418:10
webdriverClickElement@chrome://marionette/content/interaction.js:179:31
1612135457315	Marionette	INFO	Stopped listening on port 33015
1612135462449	geckodriver	INFO	Listening on 127.0.0.1:51939
1612135462455	mozrunner::runner	INFO	Running command: "/usr/bin/firefox" "--marionette" "-foreground" "-no-remote" "-profile" "/tmp/rust_mozprofileqxr84e"
console.warn: SearchSettings: "get: No settings file exists, new profile?" (new Error("", "(unknown module)"))
1612135467424	Marionette	INFO	Listening on port 33157
1612135467534	Marionette	WARN	TLS certificate errors will be ignored for this session
1612135474802	Marionette	WARN	TimedPromise timed out after 500 ms: stacktrace:
TimedPromise/<@chrome://marionette/content/sync.js:235:19
TimedPromise@chrome://marionette/content/sync.js:220:10
interaction.flushEventLoop@chrome://marionette/content/interaction.js:418:10
webdriverClickElement@chrome://marionette/content/interaction.js:179:31
1612135475729	Marionette	WARN	TimedPromise timed out after 500 ms: stacktrace:
TimedPromise/<@chrome://marionette/content/sync.js:235:19
TimedPromise@chrome://marionette/content/sync.js:220:10
interaction.flushEventLoop@chrome://marionette/content/interaction.js:418:10
webdriverClickElement@chrome://marionette/content/interaction.js:179:31
1612135476991	Marionette	WARN	TimedPromise timed out after 500 ms: stacktrace:
TimedPromise/<@chrome://marionette/content/sync.js:235:19
TimedPromise@chrome://marionette/content/sync.js:220:10
interaction.flushEventLoop@chrome://marionette/content/interaction.js:418:10
webdriverClickElement@chrome://marionette/content/interaction.js:179:31
JavaScript error: https://www.google.com/adsense/search/async-ads.js, line 40: uncaught exception: google.ads.search.Ads: Missing option 'query'.
IPDL protocol error: Handler returned error code!

###!!! [Parent][DispatchAsyncMessage] Error: PLayerTransaction::Msg_ReleaseLayer Processing error: message was deserialized, but the handler returned false (indicating failure)

IPDL protocol error: Handler returned error code!

###!!! [Parent][DispatchAsyncMessage] Error: PLayerTransaction::Msg_ReleaseLayer Processing error: message was deserialized, but the handler returned false (indicating failure)

IPDL protocol error: Handler returned error code!

###!!! [Parent][DispatchAsyncMessage] Error: PLayerTransaction::Msg_ReleaseLayer Processing error: message was deserialized, but the handler returned false (indicating failure)

1612135551641	Marionette	INFO	Stopped listening on port 33157
1612135556065	geckodriver	INFO	Listening on 127.0.0.1:59503
1612135556071	mozrunner::runner	INFO	Running command: "/usr/bin/firefox" "--marionette" "-foreground" "-no-remote" "-profile" "/tmp/rust_mozprofile1QnchY"
console.warn: SearchSettings: "get: No settings file exists, new profile?" (new Error("", "(unknown module)"))
1612135561047	Marionette	INFO	Listening on port 36637
1612135561197	Marionette	WARN	TLS certificate errors will be ignored for this session
1612135569645	Marionette	WARN	TimedPromise timed out after 500 ms: stacktrace:
TimedPromise/<@chrome://marionette/content/sync.js:235:19
TimedPromise@chrome://marionette/content/sync.js:220:10
interaction.flushEventLoop@chrome://marionette/content/interaction.js:418:10
webdriverClickElement@chrome://marionette/content/interaction.js:179:31
1612135570490	Marionette	WARN	TimedPromise timed out after 500 ms: stacktrace:
TimedPromise/<@chrome://marionette/content/sync.js:235:19
TimedPromise@chrome://marionette/content/sync.js:220:10
interaction.flushEventLoop@chrome://marionette/content/interaction.js:418:10
webdriverClickElement@chrome://marionette/content/interaction.js:179:31
1612135572112	Marionette	WARN	TimedPromise timed out after 500 ms: stacktrace:
TimedPromise/<@chrome://marionette/content/sync.js:235:19
TimedPromise@chrome://marionette/content/sync.js:220:10
interaction.flushEventLoop@chrome://marionette/content/interaction.js:418:10
webdriverClickElement@chrome://marionette/content/interaction.js:179:31
JavaScript error: chrome://global/content/elements/browser-custom-element.js, line 1659: Error: permitUnload is already running for this tab.
IPDL protocol error: Handler returned error code!

###!!! [Parent][DispatchAsyncMessage] Error: PLayerTransaction::Msg_ReleaseLayer Processing error: message was deserialized, but the handler returned false (indicating failure)

IPDL protocol error: Handler returned error code!

###!!! [Parent][DispatchAsyncMessage] Error: PLayerTransaction::Msg_ReleaseLayer Processing error: message was deserialized, but the handler returned false (indicating failure)

IPDL protocol error: Handler returned error code!

###!!! [Parent][DispatchAsyncMessage] Error: PLayerTransaction::Msg_ReleaseLayer Processing error: message was deserialized, but the handler returned false (indicating failure)

IPDL protocol error: Handler returned error code!

###!!! [Parent][DispatchAsyncMessage] Error: PLayerTransaction::Msg_ReleaseLayer Processing error: message was deserialized, but the handler returned false (indicating failure)

console.error: (new Error("Error(s) encountered during statement execution: database or disk is full", "resource://gre/modules/Sqlite.jsm", 894))
JavaScript error: , line 0: uncaught exception: Object
JavaScript error: resource://gre/modules/AsyncShutdown.jsm, line 573: uncaught exception: Object
JavaScript error: resource://gre/modules/AsyncShutdown.jsm, 1612135607381	Marionette	INFO	Stopped listening on port 36637
1612136020554	geckodriver	INFO	Listening on 127.0.0.1:59017
1612136021547	mozrunner::runner	INFO	Running command: "/usr/bin/firefox" "--marionette" "-foreground" "-no-remote" "-profile" "/tmp/rust_mozprofileEuQRsh"
console.warn: SearchSettings: "get: No settings file exists, new profile?" (new Error("", "(unknown module)"))
1612136028394	Marionette	INFO	Listening on port 44423
1612136028583	Marionette	WARN	TLS certificate errors will be ignored for this session
1612136039032	Marionette	WARN	TimedPromise timed out after 500 ms: stacktrace:
TimedPromise/<@chrome://marionette/content/sync.js:235:19
TimedPromise@chrome://marionette/content/sync.js:220:10
interaction.flushEventLoop@chrome://marionette/content/interaction.js:418:10
webdriverClickElement@chrome://marionette/content/interaction.js:179:31
1612136040031	Marionette	WARN	TimedPromise timed out after 500 ms: stacktrace:
TimedPromise/<@chrome://marionette/content/sync.js:235:19
TimedPromise@chrome://marionette/content/sync.js:220:10
interaction.flushEventLoop@chrome://marionette/content/interaction.js:418:10
webdriverClickElement@chrome://marionette/content/interaction.js:179:31
1612136040839	Marionette	WARN	TimedPromise timed out after 500 ms: stacktrace:
TimedPromise/<@chrome://marionette/content/sync.js:235:19
TimedPromise@chrome://marionette/content/sync.js:220:10
interaction.flushEventLoop@chrome://marionette/content/interaction.js:418:10
webdriverClickElement@chrome://marionette/content/interaction.js:179:31
JavaScript error: https://www.google.com/adsense/search/async-ads.js, line 40: uncaught exception: google.ads.search.Ads: Missing option 'query'.
JavaScript error: , line 0: uncaught exception: Object
JavaScript error: , line 0: uncaught exception: Object
1612136099912	geckodriver	INFO	Listening on 127.0.0.1:60315
1612136099921	mozrunner::runner	INFO	Running command: "/usr/bin/firefox" "--marionette" "-foreground" "-no-remote" "-profile" "/tmp/rust_mozprofileIJskE9"
console.warn: SearchSettings: "get: No settings file exists, new profile?" (new Error("", "(unknown module)"))
1612136104519	Marionette	INFO	Listening on port 37519
1612136104604	Marionette	WARN	TLS certificate errors will be ignored for this session
1612136112140	Marionette	WARN	TimedPromise timed out after 500 ms: stacktrace:
TimedPromise/<@chrome://marionette/content/sync.js:235:19
TimedPromise@chrome://marionette/content/sync.js:220:10
interaction.flushEventLoop@chrome://marionette/content/interaction.js:418:10
webdriverClickElement@chrome://marionette/content/interaction.js:179:31
1612136113395	Marionette	WARN	TimedPromise timed out after 500 ms: stacktrace:
TimedPromise/<@chrome://marionette/content/sync.js:235:19
TimedPromise@chrome://marionette/content/sync.js:220:10
interaction.flushEventLoop@chrome://marionette/content/interaction.js:418:10
webdriverClickElement@chrome://marionette/content/interaction.js:179:31
1612136114469	Marionette	WARN	TimedPromise timed out after 500 ms: stacktrace:
TimedPromise/<@chrome://marionette/content/sync.js:235:19
TimedPromise@chrome://marionette/content/sync.js:220:10
interaction.flushEventLoop@chrome://marionette/content/interaction.js:418:10
webdriverClickElement@chrome://marionette/content/interaction.js:179:31
JavaScript error: https://www.google.com/adsense/search/async-ads.js, line 40: uncaught exception: google.ads.search.Ads: Missing option 'query'.
1612136315958	Marionette	INFO	Stopped listening on port 37519
1612136343351	geckodriver	INFO	Listening on 127.0.0.1:38341
1612136343386	mozrunner::runner	INFO	Running command: "/usr/bin/firefox" "--marionette" "-foreground" "-no-remote" "-profile" "/tmp/rust_mozprofilekl1UwY"
console.warn: SearchSettings: "get: No settings file exists, new profile?" (new Error("", "(unknown module)"))
1612136347995	Marionette	INFO	Listening on port 32947
1612136348077	Marionette	WARN	TLS certificate errors will be ignored for this session
1612136357824	Marionette	WARN	TimedPromise timed out after 500 ms: stacktrace:
TimedPromise/<@chrome://marionette/content/sync.js:235:19
TimedPromise@chrome://marionette/content/sync.js:220:10
interaction.flushEventLoop@chrome://marionette/content/interaction.js:418:10
webdriverClickElement@chrome://marionette/content/interaction.js:179:31
1612136359039	Marionette	WARN	TimedPromise timed out after 500 ms: stacktrace:
TimedPromise/<@chrome://marionette/content/sync.js:235:19
TimedPromise@chrome://marionette/content/sync.js:220:10
interaction.flushEventLoop@chrome://marionette/content/interaction.js:418:10
webdriverClickElement@chrome://marionette/content/interaction.js:179:31
1612136360276	Marionette	WARN	TimedPromise timed out after 500 ms: stacktrace:
TimedPromise/<@chrome://marionette/content/sync.js:235:19
TimedPromise@chrome://marionette/content/sync.js:220:10
interaction.flushEventLoop@chrome://marionette/content/interaction.js:418:10
webdriverClickElement@chrome://marionette/content/interaction.js:179:31
1612136682707	geckodriver	INFO	Listening on 127.0.0.1:43259
1612136682713	mozrunner::runner	INFO	Running command: "/usr/bin/firefox" "--marionette" "-foreground" "-no-remote" "-profile" "/tmp/rust_mozprofilekjYOk7"
console.warn: SearchSettings: "get: No settings file exists, new profile?" (new Error("", "(unknown module)"))
1612136687662	Marionette	INFO	Listening on port 33933
1612136687766	Marionette	WARN	TLS certificate errors will be ignored for this session
1612136695914	Marionette	WARN	TimedPromise timed out after 500 ms: stacktrace:
TimedPromise/<@chrome://marionette/content/sync.js:235:19
TimedPromise@chrome://marionette/content/sync.js:220:10
interaction.flushEventLoop@chrome://marionette/content/interaction.js:418:10
webdriverClickElement@chrome://marionette/content/interaction.js:179:31
1612136697098	Marionette	WARN	TimedPromise timed out after 500 ms: stacktrace:
TimedPromise/<@chrome://marionette/content/sync.js:235:19
TimedPromise@chrome://marionette/content/sync.js:220:10
interaction.flushEventLoop@chrome://marionette/content/interaction.js:418:10
webdriverClickElement@chrome://marionette/content/interaction.js:179:31
1612136698317	Marionette	WARN	TimedPromise timed out after 500 ms: stacktrace:
TimedPromise/<@chrome://marionette/content/sync.js:235:19
TimedPromise@chrome://marionette/content/sync.js:220:10
interaction.flushEventLoop@chrome://marionette/content/interaction.js:418:10
webdriverClickElement@chrome://marionette/content/interaction.js:179:31
JavaScript error: https://www.google.com/adsense/search/async-ads.js, line 40: uncaught exception: google.ads.search.Ads: Missing option 'query'.
1612136724559	Marionette	INFO	Stopped listening on port 33933
1612136994610	geckodriver	INFO	Listening on 127.0.0.1:41981
1612136994616	mozrunner::runner	INFO	Running command: "/usr/bin/firefox" "--marionette" "-foreground" "-no-remote" "-profile" "/tmp/rust_mozprofileurvwgX"
console.warn: SearchSettings: "get: No settings file exists, new profile?" (new Error("", "(unknown module)"))
1612137000003	Marionette	INFO	Listening on port 40233
1612137000152	Marionette	WARN	TLS certificate errors will be ignored for this session
1612137008319	Marionette	WARN	TimedPromise timed out after 500 ms: stacktrace:
TimedPromise/<@chrome://marionette/content/sync.js:235:19
TimedPromise@chrome://marionette/content/sync.js:220:10
interaction.flushEventLoop@chrome://marionette/content/interaction.js:418:10
webdriverClickElement@chrome://marionette/content/interaction.js:179:31
1612137009377	Marionette	WARN	TimedPromise timed out after 500 ms: stacktrace:
TimedPromise/<@chrome://marionette/content/sync.js:235:19
TimedPromise@chrome://marionette/content/sync.js:220:10
interaction.flushEventLoop@chrome://marionette/content/interaction.js:418:10
webdriverClickElement@chrome://marionette/content/interaction.js:179:31
1612137010271	Marionette	WARN	TimedPromise timed out after 500 ms: stacktrace:
TimedPromise/<@chrome://marionette/content/sync.js:235:19
TimedPromise@chrome://marionette/content/sync.js:220:10
interaction.flushEventLoop@chrome://marionette/content/interaction.js:418:10
webdriverClickElement@chrome://marionette/content/interaction.js:179:31
JavaScript error: https://www.google.com/adsense/search/async-ads.js, line 40: uncaught exception: google.ads.search.Ads: Missing option 'query'.
1612206506755	geckodriver	INFO	Listening on 127.0.0.1:51205
1612206507761	mozrunner::runner	INFO	Running command: "/usr/bin/firefox" "--marionette" "-foreground" "-no-remote" "-profile" "/tmp/rust_mozprofileSsV6ue"
console.warn: SearchSettings: "get: No settings file exists, new profile?" (new Error("", "(unknown module)"))
1612206513542	Marionette	INFO	Listening on port 36495
1612206513680	Marionette	WARN	TLS certificate errors will be ignored for this session
1612206573768	Marionette	INFO	Stopped listening on port 36495

###!!! [Parent][RunMessage] Error: Channel closing: too late to send/recv, messages will be lost

1612206581988	geckodriver	INFO	Listening on 127.0.0.1:40413
1612206581995	mozrunner::runner	INFO	Running command: "/usr/bin/firefox" "--marionette" "-foreground" "-no-remote" "-profile" "/tmp/rust_mozprofileTH4ngr"
console.warn: SearchSettings: "get: No settings file exists, new profile?" (new Error("", "(unknown module)"))
1612206586992	Marionette	INFO	Listening on port 40563
1612206587079	Marionette	WARN	TLS certificate errors will be ignored for this session
JavaScript error: , line 0: NotFoundError: No such JSWindowActor 'MarionetteEvents'
JavaScript error: , line 0: NotFoundError: No such JSWindowActor 'MarionetteEvents'
console.warn: LoginRecipes: "getRecipes: falling back to a synchronous message for:" "https://www.bestbuy.com"
Handler function _httpStopRequest threw an exception: [Exception... "Component returned failure code: 0x80004005 (NS_ERROR_FAILURE) [nsITraceableChannel.setNewListener]"  nsresult: "0x80004005 (NS_ERROR_FAILURE)"  location: "JS frame :: resource://devtools/server/actors/network-monitor/network-observer.js :: _setupResponseListener :: line 1086"  data: no]
Stack: _setupResponseListener@resource://devtools/server/actors/network-monitor/network-observer.js:1086:38
_createNetworkEvent@resource://devtools/server/actors/network-monitor/network-observer.js:912:12
_httpStopRequest@resource://devtools/server/actors/network-monitor/network-observer.js:409:14
exports.makeInfallible/<@resource://devtools/shared/ThreadSafeDevToolsUtils.js:103:22
Line: 1086, column: 0
console.error: ({})
Handler function _httpStopRequest threw an exception: [Exception... "Component returned failure code: 0x80004005 (NS_ERROR_FAILURE) [nsITraceableChannel.setNewListener]"  nsresult: "0x80004005 (NS_ERROR_FAILURE)"  location: "JS frame :: resource://devtools/server/actors/network-monitor/network-observer.js :: _setupResponseListener :: line 1086"  data: no]
Stack: _setupResponseListener@resource://devtools/server/actors/network-monitor/network-observer.js:1086:38
_createNetworkEvent@resource://devtools/server/actors/network-monitor/network-observer.js:912:12
_httpStopRequest@resource://devtools/server/actors/network-monitor/network-observer.js:409:14
exports.makeInfallible/<@resource://devtools/shared/ThreadSafeDevToolsUtils.js:103:22
Line: 1086, column: 0
console.error: ({})
Handler function _httpStopRequest threw an exception: [Exception... "Component returned failure code: 0x80004005 (NS_ERROR_FAILURE) [nsITraceableChannel.setNewListener]"  nsresult: "0x80004005 (NS_ERROR_FAILURE)"  location: "JS frame :: resource://devtools/server/actors/network-monitor/network-observer.js :: _setupResponseListener :: line 1086"  data: no]
Stack: _setupResponseListener@resource://devtools/server/actors/network-monitor/network-observer.js:1086:38
_createNetworkEvent@resource://devtools/server/actors/network-monitor/network-observer.js:912:12
_httpStopRequest@resource://devtools/server/actors/network-monitor/network-observer.js:409:14
exports.makeInfallible/<@resource://devtools/shared/ThreadSafeDevToolsUtils.js:103:22
Line: 1086, column: 0
console.error: ({})
SourceActor threw an exception: [Exception... "Component returned failure code: 0x80470002 (NS_BASE_STREAM_CLOSED) [nsIInputStream.available]"  nsresult: "0x80470002 (NS_BASE_STREAM_CLOSED)"  location: "JS frame :: resource://devtools/shared/DevToolsUtils.js :: onResponse :: line 567"  data: no]
Stack: onResponse@resource://devtools/shared/DevToolsUtils.js:567:34
onStopRequest@resource://gre/modules/NetUtil.jsm:128:18
Line: 567, column: 0
console.error: ({})
SourceActor threw an exception: [Exception... "Component returned failure code: 0x80470002 (NS_BASE_STREAM_CLOSED) [nsIInputStream.available]"  nsresult: "0x80470002 (NS_BASE_STREAM_CLOSED)"  location: "JS frame :: resource://devtools/shared/DevToolsUtils.js :: onResponse :: line 567"  data: no]
Stack: onResponse@resource://devtools/shared/DevToolsUtils.js:567:34
onStopRequest@resource://gre/modules/NetUtil.jsm:128:18
Line: 567, column: 0
console.error: ({})
SourceActor threw an exception: [Exception... "Component returned failure code: 0x80470002 (NS_BASE_STREAM_CLOSED) [nsIInputStream.available]"  nsresult: "0x80470002 (NS_BASE_STREAM_CLOSED)"  location: "JS frame :: resource://devtools/shared/DevToolsUtils.js :: onResponse :: line 567"  data: no]
Stack: onResponse@resource://devtools/shared/DevToolsUtils.js:567:34
onStopRequest@resource://gre/modules/NetUtil.jsm:128:18
Line: 567, column: 0
console.error: ({})
SourceActor threw an exception: [Exception... "Component returned failure code: 0x80470002 (NS_BASE_STREAM_CLOSED) [nsIInputStream.available]"  nsresult: "0x80470002 (NS_BASE_STREAM_CLOSED)"  location: "JS frame :: resource://devtools/shared/DevToolsUtils.js :: onResponse :: line 567"  data: no]
Stack: onResponse@resource://devtools/shared/DevToolsUtils.js:567:34
onStopRequest@resource://gre/modules/NetUtil.jsm:128:18
Line: 567, column: 0
console.error: ({})
SourceActor threw an exception: [Exception... "Component returned failure code: 0x80470002 (NS_BASE_STREAM_CLOSED) [nsIInputStream.available]"  nsresult: "0x80470002 (NS_BASE_STREAM_CLOSED)"  location: "JS frame :: resource://devtools/shared/DevToolsUtils.js :: onResponse :: line 567"  data: no]
Stack: onResponse@resource://devtools/shared/DevToolsUtils.js:567:34
onStopRequest@resource://gre/modules/NetUtil.jsm:128:18
Line: 567, column: 0
console.error: ({})
SourceActor threw an exception: [Exception... "Component returned failure code: 0x80470002 (NS_BASE_STREAM_CLOSED) [nsIInputStream.available]"  nsresult: "0x80470002 (NS_BASE_STREAM_CLOSED)"  location: "JS frame :: resource://devtools/shared/DevToolsUtils.js :: onResponse :: line 567"  data: no]
Stack: onResponse@resource://devtools/shared/DevToolsUtils.js:567:34
onStopRequest@resource://gre/modules/NetUtil.jsm:128:18
Line: 567, column: 0
console.error: ({})
JavaScript error: resource://devtools/shared/DevToolsUtils.js, line 567: NS_BASE_STREAM_CLOSED: Component returned failure code: 0x80470002 (NS_BASE_STREAM_CLOSED) [nsIInputStream.available]
JavaScript error: resource://devtools/shared/DevToolsUtils.js, line 567: NS_BASE_STREAM_CLOSED: Component returned failure code: 0x80470002 (NS_BASE_STREAM_CLOSED) [nsIInputStream.available]
JavaScript error: resource://devtools/shared/DevToolsUtils.js, line 567: NS_BASE_STREAM_CLOSED: Component returned failure code: 0x80470002 (NS_BASE_STREAM_CLOSED) [nsIInputStream.available]
JavaScript error: resource://devtools/shared/DevToolsUtils.js, line 567: NS_BASE_STREAM_CLOSED: Component returned failure code: 0x80470002 (NS_BASE_STREAM_CLOSED) [nsIInputStream.available]
JavaScript error: resource://devtools/shared/DevToolsUtils.js, line 567: NS_BASE_STREAM_CLOSED: Component returned failure code: 0x80470002 (NS_BASE_STREAM_CLOSED) [nsIInputStream.available]
JavaScript error: resource://devtools/shared/DevToolsUtils.js, line 567: NS_BASE_STREAM_CLOSED: Component returned failure code: 0x80470002 (NS_BASE_STREAM_CLOSED) [nsIInputStream.available]
console.warn: LoginRecipes: "getRecipes: falling back to a synchronous message for:" "https://www.bestbuy.com"
console.warn: LoginRecipes: "getRecipes: falling back to a synchronous message for:" "https://www.bestbuy.com"
console.warn: LoginRecipes: "getRecipes: falling back to a synchronous message for:" "https://www.bestbuy.com"
IPDL protocol error: Handler returned error code!

###!!! [Parent][DispatchAsyncMessage] Error: PLayerTransaction::Msg_ReleaseLayer Processing error: message was deserialized, but the handler returned false (indicating failure)

IPDL protocol error: Handler returned error code!

###!!! [Parent][DispatchAsyncMessage] Error: PLayerTransaction::Msg_ReleaseLayer Processing error: message was deserialized, but the handler returned false (indicating failure)

IPDL protocol error: Handler returned error code!

###!!! [Parent][DispatchAsyncMessage] Error: PLayerTransaction::Msg_ReleaseLayer Processing error: message was deserialized, but the handler returned false (indicating failure)

IPDL protocol error: Handler returned error code!

###!!! [Parent][DispatchAsyncMessage] Error: PLayerTransaction::Msg_ReleaseLayer Processing error: message was deserialized, but the handler returned false (indicating failure)

IPDL protocol error: Handler returned error code!

###!!! [Parent][DispatchAsyncMessage] Error: PLayerTransaction::Msg_ReleaseLayer Processing error: message was deserialized, but the handler returned false (indicating failure)

IPDL protocol error: Handler returned error code!

###!!! [Parent][DispatchAsyncMessage] Error: PLayerTransaction::Msg_ReleaseLayer Processing error: message was deserialized, but the handler returned false (indicating failure)

IPDL protocol error: Handler returned error code!

###!!! [Parent][DispatchAsyncMessage] Error: PLayerTransaction::Msg_ReleaseLayer Processing error: message was deserialized, but the handler returned false (indicating failure)

IPDL protocol error: Handler returned error code!

###!!! [Parent][DispatchAsyncMessage] Error: PLayerTransaction::Msg_ReleaseLayer Processing error: message was deserialized, but the handler returned false (indicating failure)

IPDL protocol error: Handler returned error code!

###!!! [Parent][DispatchAsyncMessage] Error: PLayerTransaction::Msg_ReleaseLayer Processing error: message was deserialized, but the handler returned false (indicating failure)

IPDL protocol error: Handler returned error code!

###!!! [Parent][DispatchAsyncMessage] Error: PLayerTransaction::Msg_ReleaseLayer Processing error: message was deserialized, but the handler returned false (indicating failure)

IPDL protocol error: Handler returned error code!

###!!! [Parent][DispatchAsyncMessage] Error: PLayerTransaction::Msg_ReleaseLayer Processing error: message was deserialized, but the handler returned false (indicating failure)

IPDL protocol error: Handler returned error code!

###!!! [Parent][DispatchAsyncMessage] Error: PLayerTransaction::Msg_ReleaseLayer Processing error: message was deserialized, but the handler returned false (indicating failure)

IPDL protocol error: Handler returned error code!

###!!! [Parent][DispatchAsyncMessage] Error: PLayerTransaction::Msg_ReleaseLayer Processing error: message was deserialized, but the handler returned false (indicating failure)


###!!! [Child][RunMessage] Error: Channel closing: too late to send/recv, messages will be lost

1612207192260	Marionette	INFO	Stopped listening on port 40563
1612207197751	geckodriver	INFO	Listening on 127.0.0.1:33087
1612207197757	mozrunner::runner	INFO	Running command: "/usr/bin/firefox" "--marionette" "-foreground" "-no-remote" "-profile" "/tmp/rust_mozprofileJA2Owj"
console.warn: SearchSettings: "get: No settings file exists, new profile?" (new Error("", "(unknown module)"))
1612207203536	Marionette	INFO	Listening on port 33425
1612207203658	Marionette	WARN	TLS certificate errors will be ignored for this session
JavaScript error: , line 0: NotFoundError: No such JSWindowActor 'MarionetteEvents'
JavaScript error: , line 0: NotFoundError: No such JSWindowActor 'MarionetteEvents'
console.log: "RemoteSettingsWorker error: QuotaExceededError: IndexedDB:  execute() The current transaction exceeded its quota limitations."
console.error: services.settings: 
  Message: QuotaExceededError: IndexedDB: main/sites-classification importChanges() IndexedDB:  importChanges() in main/sites-classification The current transaction exceeded its quota limitations.
console.log: